0 info it worked if it ends with ok
1 verbose cli [ '/usr/local/bin/node', '/usr/local/bin/npm', 'publish' ]
2 info using npm@3.10.10
3 info using node@v7.3.0
4 verbose publish [ '.' ]
5 silly cache add args [ '.', null ]
6 verbose cache add spec .
7 silly cache add parsed spec Result {
7 silly cache add   raw: '.',
7 silly cache add   scope: null,
7 silly cache add   escapedName: null,
7 silly cache add   name: null,
7 silly cache add   rawSpec: '.',
7 silly cache add   spec: '/home/admin01/public_nodejs/icons-nucash',
7 silly cache add   type: 'directory' }
8 verbose addLocalDirectory /home/admin01/.npm/icons-nucash/1.0.10/package.tgz not in flight; packing
9 verbose correctMkdir /home/admin01/.npm correctMkdir not in flight; initializing
10 info lifecycle icons-nucash@1.0.10~prepublish: icons-nucash@1.0.10
11 silly lifecycle icons-nucash@1.0.10~prepublish: no script for prepublish, continuing
12 verbose tar pack [ '/home/admin01/.npm/icons-nucash/1.0.10/package.tgz',
12 verbose tar pack   '/home/admin01/public_nodejs/icons-nucash' ]
13 verbose tarball /home/admin01/.npm/icons-nucash/1.0.10/package.tgz
14 verbose folder /home/admin01/public_nodejs/icons-nucash
15 verbose addLocalTarball adding from inside cache /home/admin01/.npm/icons-nucash/1.0.10/package.tgz
16 verbose correctMkdir /home/admin01/.npm correctMkdir not in flight; initializing
17 silly cache afterAdd icons-nucash@1.0.10
18 verbose afterAdd /home/admin01/.npm/icons-nucash/1.0.10/package/package.json not in flight; writing
19 verbose correctMkdir /home/admin01/.npm correctMkdir not in flight; initializing
20 verbose afterAdd /home/admin01/.npm/icons-nucash/1.0.10/package/package.json written
21 silly publish { name: 'icons-nucash',
21 silly publish   version: '1.0.10',
21 silly publish   description: 'Icones nuCash',
21 silly publish   main: 'index.js',
21 silly publish   scripts: { test: 'echo "Error: no test specified" && exit 1' },
21 silly publish   repository:
21 silly publish    { type: 'git',
21 silly publish      url: 'git+https://github.com/nuCashDev/icons-nucash.git' },
21 silly publish   keywords: [],
21 silly publish   author: { name: 'Eduardo Vieira - nuCash' },
21 silly publish   license: 'ISC',
21 silly publish   bugs: { url: 'https://github.com/nuCashDev/icons-nucash/issues' },
21 silly publish   homepage: 'https://github.com/nuCashDev/icons-nucash#readme',
21 silly publish   readme: '# icons-nucash\n',
21 silly publish   readmeFilename: 'README.md',
21 silly publish   gitHead: '0fc3d1695d3597b2333fbeaed7847120865a50c8',
21 silly publish   _id: 'icons-nucash@1.0.10',
21 silly publish   _shasum: '0467c698f062012529a996786443d20255fffe9e',
21 silly publish   _from: '.' }
22 verbose getPublishConfig undefined
23 silly mapToRegistry name icons-nucash
24 silly mapToRegistry using default registry
25 silly mapToRegistry registry https://registry.npmjs.org/
26 silly mapToRegistry data Result {
26 silly mapToRegistry   raw: 'icons-nucash',
26 silly mapToRegistry   scope: null,
26 silly mapToRegistry   escapedName: 'icons-nucash',
26 silly mapToRegistry   name: 'icons-nucash',
26 silly mapToRegistry   rawSpec: '',
26 silly mapToRegistry   spec: 'latest',
26 silly mapToRegistry   type: 'tag' }
27 silly mapToRegistry uri https://registry.npmjs.org/icons-nucash
28 verbose publish registryBase https://registry.npmjs.org/
29 silly publish uploading /home/admin01/.npm/icons-nucash/1.0.10/package.tgz
30 verbose request uri https://registry.npmjs.org/icons-nucash
31 verbose request sending authorization for write operation
32 info attempt registry request try #1 at 21:58:29
33 verbose request using bearer token for auth
34 verbose request id 689eb7765cac48a0
35 http request PUT https://registry.npmjs.org/icons-nucash
36 http 403 https://registry.npmjs.org/icons-nucash
37 verbose headers { 'content-type': 'application/json',
37 verbose headers   'cache-control': 'max-age=300',
37 verbose headers   'content-length': '92',
37 verbose headers   'accept-ranges': 'bytes',
37 verbose headers   date: 'Thu, 31 Aug 2017 01:58:35 GMT',
37 verbose headers   via: '1.1 varnish',
37 verbose headers   connection: 'keep-alive',
37 verbose headers   'x-served-by': 'cache-gru17125-GRU',
37 verbose headers   'x-cache': 'MISS',
37 verbose headers   'x-cache-hits': '0',
37 verbose headers   'x-timer': 'S1504144710.778190,VS0,VE5251',
37 verbose headers   vary: 'Accept-Encoding, Accept' }
38 verbose request invalidating /home/admin01/.npm/registry.npmjs.org/icons-nucash on PUT
39 error publish Failed PUT 403
40 verbose stack Error: You cannot publish over the previously published version 1.0.10. : icons-nucash
40 verbose stack     at makeError (/usr/local/lib/node_modules/npm/node_modules/npm-registry-client/lib/request.js:302:12)
40 verbose stack     at CachingRegistryClient.<anonymous> (/usr/local/lib/node_modules/npm/node_modules/npm-registry-client/lib/request.js:290:14)
40 verbose stack     at Request._callback (/usr/local/lib/node_modules/npm/node_modules/npm-registry-client/lib/request.js:210:14)
40 verbose stack     at Request.self.callback (/usr/local/lib/node_modules/npm/node_modules/request/request.js:187:22)
40 verbose stack     at emitTwo (events.js:106:13)
40 verbose stack     at Request.emit (events.js:191:7)
40 verbose stack     at Request.<anonymous> (/usr/local/lib/node_modules/npm/node_modules/request/request.js:1048:10)
40 verbose stack     at emitOne (events.js:96:13)
40 verbose stack     at Request.emit (events.js:188:7)
40 verbose stack     at IncomingMessage.<anonymous> (/usr/local/lib/node_modules/npm/node_modules/request/request.js:969:12)
41 verbose statusCode 403
42 verbose pkgid icons-nucash
43 verbose cwd /home/admin01/public_nodejs/icons-nucash
44 error Linux 4.4.0-92-generic
45 error argv "/usr/local/bin/node" "/usr/local/bin/npm" "publish"
46 error node v7.3.0
47 error npm  v3.10.10
48 error code E403
49 error You cannot publish over the previously published version 1.0.10. : icons-nucash
50 error If you need help, you may report this error at:
50 error     <https://github.com/npm/npm/issues>
51 verbose exit [ 1, true ]
